Vivado Simulator 2017.4
Copyright 1986-1999, 2001-2016 Xilinx, Inc. All Rights Reserved.
Running: C:/Xilinx/Vivado/2017.4/bin/unwrapped/win64.o/xelab.exe -wto 8d21599685f2438eb52d8073a149c402 --incr --debug typical --relax --mt 2 -L xil_defaultlib -L unisims_ver -L unimacro_ver -L secureip --snapshot datapath_test_behav xil_defaultlib.datapath_test xil_defaultlib.glbl -log elaborate.log 
Using 2 slave threads.
Starting static elaboration
Completed static elaboration
Starting simulation data flow analysis
Completed simulation data flow analysis
Time Resolution for simulation is 1ps
Compiling module xil_defaultlib.register_file
Compiling module xil_defaultlib.fulladder
Compiling module xil_defaultlib.adder_default
Compiling module xil_defaultlib.addsub
Compiling module xil_defaultlib.shifter
Compiling module xil_defaultlib.logical
Compiling module xil_defaultlib.comparator
Compiling module xil_defaultlib.ALU
Compiling module xil_defaultlib.datapath
Compiling module xil_defaultlib.selfcheck
Compiling module xil_defaultlib.datapath_test
Compiling module xil_defaultlib.glbl
Built simulation snapshot datapath_test_behav
