Vivado Simulator 2017.4
Copyright 1986-1999, 2001-2016 Xilinx, Inc. All Rights Reserved.
Running: C:/Xilinx/Vivado/2017.4/bin/unwrapped/win64.o/xelab.exe -wto a2abab0e1a8b433eb09a6c7cabb4107b --incr --debug typical --relax --mt 2 -L xil_defaultlib -L unisims_ver -L unimacro_ver -L secureip --snapshot mips_tester_full_behav xil_defaultlib.mips_tester_full xil_defaultlib.glbl -log elaborate.log 
Using 2 slave threads.
Starting static elaboration
WARNING: [VRFC 10-278] actual bit length 32 differs from formal bit length 64 for port pc [E:/square1/square1.srcs/sources_1/imports/sources_1/new/top.sv:22]
WARNING: [VRFC 10-278] actual bit length 32 differs from formal bit length 64 for port mem_addr [E:/square1/square1.srcs/sources_1/imports/sources_1/new/top.sv:23]
Completed static elaboration
Starting simulation data flow analysis
Completed simulation data flow analysis
Time Resolution for simulation is 1ps
Compiling module xil_defaultlib.controller
Compiling module xil_defaultlib.programcounter
Compiling module xil_defaultlib.register_file
Compiling module xil_defaultlib.fulladder
Compiling module xil_defaultlib.adder_default
Compiling module xil_defaultlib.addsub
Compiling module xil_defaultlib.comparator
Compiling module xil_defaultlib.shifter
Compiling module xil_defaultlib.logical
Compiling module xil_defaultlib.ALU
Compiling module xil_defaultlib.datapath
Compiling module xil_defaultlib.mips
Compiling module xil_defaultlib.imem(Nloc=64,Dbits=32,initfile="...
Compiling module xil_defaultlib.dmem(Nloc=64,Dbits=32,initfile="...
Compiling module xil_defaultlib.top(imem_init="E:/Vivado/Project...
Compiling module xil_defaultlib.selfcheck
Compiling module xil_defaultlib.mips_tester_full
Compiling module xil_defaultlib.glbl
Built simulation snapshot mips_tester_full_behav
