INFO: [VRFC 10-2263] Analyzing SystemVerilog file "E:/ProjectA2/ProjectA2.srcs/sources_1/imports/sources_1/imports/sources_1/imports/sources_1/imports/sources_1/new/ALU.sv" into library xil_defaultlib
INFO: [VRFC 10-311] analyzing module ALU
INFO: [VRFC 10-2263] Analyzing SystemVerilog file "E:/ProjectA2/ProjectA2.srcs/sources_1/imports/sources_1/new/LED_reg.sv" into library xil_defaultlib
INFO: [VRFC 10-311] analyzing module LED_reg
INFO: [VRFC 10-2263] Analyzing SystemVerilog file "E:/ProjectA2/ProjectA2.srcs/sources_1/imports/sources_1/imports/sources_1/imports/lol/accelerometer.sv" into library xil_defaultlib
INFO: [VRFC 10-311] analyzing module accelerometer
INFO: [VRFC 10-2263] Analyzing SystemVerilog file "E:/ProjectA2/ProjectA2.srcs/sources_1/imports/sources_1/imports/sources_1/imports/sources_1/imports/sources_1/new/adder.sv" into library xil_defaultlib
INFO: [VRFC 10-311] analyzing module adder
INFO: [VRFC 10-2263] Analyzing SystemVerilog file "E:/ProjectA2/ProjectA2.srcs/sources_1/imports/sources_1/imports/sources_1/imports/sources_1/imports/sources_1/new/addsub.sv" into library xil_defaultlib
INFO: [VRFC 10-311] analyzing module addsub
INFO: [VRFC 10-2263] Analyzing SystemVerilog file "E:/ProjectA2/ProjectA2.srcs/sources_1/imports/sources_1/imports/new/bitmapmem.sv" into library xil_defaultlib
INFO: [VRFC 10-311] analyzing module bitmapmem
WARNING: [VRFC 10-937] initial value of parameter Nloc is omitted [E:/ProjectA2/ProjectA2.srcs/sources_1/imports/sources_1/imports/new/bitmapmem.sv:6]
WARNING: [VRFC 10-937] initial value of parameter Dbits is omitted [E:/ProjectA2/ProjectA2.srcs/sources_1/imports/sources_1/imports/new/bitmapmem.sv:7]
WARNING: [VRFC 10-937] initial value of parameter initfile is omitted [E:/ProjectA2/ProjectA2.srcs/sources_1/imports/sources_1/imports/new/bitmapmem.sv:8]
INFO: [VRFC 10-2263] Analyzing SystemVerilog file "E:/ProjectA2/ProjectA2.srcs/sources_1/imports/sources_1/imports/sources_1/imports/sources_1/imports/sources_1/new/comparator.sv" into library xil_defaultlib
INFO: [VRFC 10-311] analyzing module comparator
INFO: [VRFC 10-2263] Analyzing SystemVerilog file "E:/ProjectA2/ProjectA2.srcs/sources_1/imports/sources_1/imports/sources_1/new/controller.sv" into library xil_defaultlib
INFO: [VRFC 10-311] analyzing module controller
INFO: [VRFC 10-2263] Analyzing SystemVerilog file "E:/ProjectA2/ProjectA2.srcs/sources_1/imports/sources_1/imports/sources_1/imports/sources_1/new/datapath.sv" into library xil_defaultlib
INFO: [VRFC 10-311] analyzing module datapath
INFO: [VRFC 10-2263] Analyzing SystemVerilog file "E:/ProjectA2/ProjectA2.srcs/sources_1/imports/sources_1/imports/imports/new/display8digit.sv" into library xil_defaultlib
INFO: [VRFC 10-311] analyzing module display8digit
INFO: [VRFC 10-2263] Analyzing SystemVerilog file "E:/ProjectA2/ProjectA2.srcs/sources_1/imports/sources_1/imports/sources_1/new/dmem.sv" into library xil_defaultlib
INFO: [VRFC 10-311] analyzing module dmem
WARNING: [VRFC 10-937] initial value of parameter Nloc is omitted [E:/ProjectA2/ProjectA2.srcs/sources_1/imports/sources_1/imports/sources_1/new/dmem.sv:5]
WARNING: [VRFC 10-937] initial value of parameter Dbits is omitted [E:/ProjectA2/ProjectA2.srcs/sources_1/imports/sources_1/imports/sources_1/new/dmem.sv:6]
WARNING: [VRFC 10-937] initial value of parameter initfile is omitted [E:/ProjectA2/ProjectA2.srcs/sources_1/imports/sources_1/imports/sources_1/new/dmem.sv:7]
INFO: [VRFC 10-2263] Analyzing SystemVerilog file "E:/ProjectA2/ProjectA2.srcs/sources_1/imports/sources_1/imports/sources_1/imports/new/fulladder.sv" into library xil_defaultlib
INFO: [VRFC 10-311] analyzing module fulladder
INFO: [VRFC 10-2263] Analyzing SystemVerilog file "E:/ProjectA2/ProjectA2.srcs/sources_1/imports/sources_1/imports/imports/new/hexto7seg.sv" into library xil_defaultlib
INFO: [VRFC 10-311] analyzing module hexto7seg
INFO: [VRFC 10-2263] Analyzing SystemVerilog file "E:/ProjectA2/ProjectA2.srcs/sources_1/imports/sources_1/imports/sources_1/new/imem.sv" into library xil_defaultlib
INFO: [VRFC 10-311] analyzing module imem
WARNING: [VRFC 10-937] initial value of parameter Nloc is omitted [E:/ProjectA2/ProjectA2.srcs/sources_1/imports/sources_1/imports/sources_1/new/imem.sv:6]
WARNING: [VRFC 10-937] initial value of parameter Dbits is omitted [E:/ProjectA2/ProjectA2.srcs/sources_1/imports/sources_1/imports/sources_1/new/imem.sv:7]
WARNING: [VRFC 10-937] initial value of parameter initfile is omitted [E:/ProjectA2/ProjectA2.srcs/sources_1/imports/sources_1/imports/sources_1/new/imem.sv:8]
INFO: [VRFC 10-2263] Analyzing SystemVerilog file "E:/ProjectA2/ProjectA2.srcs/sources_1/imports/sources_1/imports/sources_1/new/keyboard.sv" into library xil_defaultlib
INFO: [VRFC 10-311] analyzing module keyboard
INFO: [VRFC 10-2263] Analyzing SystemVerilog file "E:/ProjectA2/ProjectA2.srcs/sources_1/imports/sources_1/imports/sources_1/imports/sources_1/imports/sources_1/new/logical.sv" into library xil_defaultlib
INFO: [VRFC 10-311] analyzing module logical
INFO: [VRFC 10-2263] Analyzing SystemVerilog file "E:/ProjectA2/ProjectA2.srcs/sources_1/imports/sources_1/new/memIO.sv" into library xil_defaultlib
INFO: [VRFC 10-311] analyzing module memIO
WARNING: [VRFC 10-937] initial value of parameter dmem_init is omitted [E:/ProjectA2/ProjectA2.srcs/sources_1/imports/sources_1/new/memIO.sv:8]
WARNING: [VRFC 10-937] initial value of parameter smem_init is omitted [E:/ProjectA2/ProjectA2.srcs/sources_1/imports/sources_1/new/memIO.sv:9]
INFO: [VRFC 10-2263] Analyzing SystemVerilog file "E:/ProjectA2/ProjectA2.srcs/sources_1/imports/sources_1/imports/sources_1/new/mips.sv" into library xil_defaultlib
INFO: [VRFC 10-311] analyzing module mips
INFO: [VRFC 10-2263] Analyzing SystemVerilog file "E:/ProjectA2/ProjectA2.srcs/sources_1/imports/sources_1/imports/sources_1/new/montek_sound_Nexys4.sv" into library xil_defaultlib
INFO: [VRFC 10-311] analyzing module montek_sound_Nexys4
INFO: [VRFC 10-2263] Analyzing SystemVerilog file "E:/ProjectA2/ProjectA2.srcs/sources_1/imports/sources_1/imports/sources_1/new/programcounter.sv" into library xil_defaultlib
INFO: [VRFC 10-311] analyzing module programcounter
INFO: [VRFC 10-2263] Analyzing SystemVerilog file "E:/ProjectA2/ProjectA2.srcs/sources_1/imports/sources_1/imports/sources_1/imports/sources_1/new/register_file.sv" into library xil_defaultlib
INFO: [VRFC 10-311] analyzing module register_file
INFO: [VRFC 10-2263] Analyzing SystemVerilog file "E:/ProjectA2/ProjectA2.srcs/sources_1/imports/sources_1/imports/new/screenmem.sv" into library xil_defaultlib
INFO: [VRFC 10-311] analyzing module screenmem
WARNING: [VRFC 10-937] initial value of parameter Nloc is omitted [E:/ProjectA2/ProjectA2.srcs/sources_1/imports/sources_1/imports/new/screenmem.sv:6]
WARNING: [VRFC 10-937] initial value of parameter Dbits is omitted [E:/ProjectA2/ProjectA2.srcs/sources_1/imports/sources_1/imports/new/screenmem.sv:7]
WARNING: [VRFC 10-937] initial value of parameter initfile is omitted [E:/ProjectA2/ProjectA2.srcs/sources_1/imports/sources_1/imports/new/screenmem.sv:8]
INFO: [VRFC 10-2263] Analyzing SystemVerilog file "E:/ProjectA2/ProjectA2.srcs/sources_1/imports/sources_1/imports/sources_1/imports/sources_1/imports/sources_1/new/shifter.sv" into library xil_defaultlib
INFO: [VRFC 10-311] analyzing module shifter
INFO: [VRFC 10-2263] Analyzing SystemVerilog file "E:/ProjectA2/ProjectA2.srcs/sources_1/imports/sources_1/new/sound_reg.sv" into library xil_defaultlib
INFO: [VRFC 10-311] analyzing module sound_reg
INFO: [VRFC 10-2263] Analyzing SystemVerilog file "E:/ProjectA2/ProjectA2.srcs/sources_1/imports/sources_1/imports/sources_1/new/top.sv" into library xil_defaultlib
INFO: [VRFC 10-311] analyzing module top
INFO: [VRFC 10-2263] Analyzing SystemVerilog file "E:/ProjectA2/ProjectA2.srcs/sources_1/imports/sources_1/imports/imports/sources_1/new/vgadisplaydriver.sv" into library xil_defaultlib
INFO: [VRFC 10-311] analyzing module vgadisplaydriver
WARNING: [VRFC 10-937] initial value of parameter bmem_init is omitted [E:/ProjectA2/ProjectA2.srcs/sources_1/imports/sources_1/imports/imports/sources_1/new/vgadisplaydriver.sv:11]
INFO: [VRFC 10-2263] Analyzing SystemVerilog file "E:/ProjectA2/ProjectA2.srcs/sources_1/imports/sources_1/imports/imports/sources_1/new/vgatimer.sv" into library xil_defaultlib
INFO: [VRFC 10-311] analyzing module vgatimer
INFO: [VRFC 10-2263] Analyzing SystemVerilog file "E:/ProjectA2/ProjectA2.srcs/sources_1/imports/sources_1/imports/imports/sources_1/imports/new/xycounter.sv" into library xil_defaultlib
INFO: [VRFC 10-311] analyzing module xycounter
INFO: [VRFC 10-2263] Analyzing SystemVerilog file "E:/ProjectA2/ProjectA2.srcs/sim_1/new/tester_screentest.sv" into library xil_defaultlib
INFO: [VRFC 10-311] analyzing module project_screentest
INFO: [VRFC 10-311] analyzing module selfcheck_nopause
