Vivado Simulator 2017.4
Copyright 1986-1999, 2001-2016 Xilinx, Inc. All Rights Reserved.
Running: C:/Xilinx/Vivado/2017.4/bin/unwrapped/win64.o/xelab.exe -wto f7238e5fa1524e4281ec683159ca7658 --incr --debug typical --relax --mt 2 -L xil_defaultlib -L unisims_ver -L unimacro_ver -L secureip --snapshot project_screentest_behav xil_defaultlib.project_screentest xil_defaultlib.glbl -log elaborate.log 
Using 2 slave threads.
Starting static elaboration
WARNING: [VRFC 10-1374] size mismatch in mixed language port association, vhdl port reset [E:/ProjectA2/ProjectA2.srcs/sources_1/imports/sources_1/imports/sources_1/imports/lol/accelerometer.sv:27]
WARNING: [VRFC 10-278] actual bit length 32 differs from formal bit length 256 for port mem_addr [E:/ProjectA2/ProjectA2.srcs/sources_1/imports/sources_1/imports/sources_1/new/mips.sv:36]
WARNING: [VRFC 10-278] actual bit length 8 differs from formal bit length 5 for port WriteAddr [E:/ProjectA2/ProjectA2.srcs/sources_1/imports/sources_1/imports/sources_1/imports/sources_1/new/datapath.sv:73]
WARNING: [VRFC 10-278] actual bit length 32 differs from formal bit length 256 for port pc [E:/ProjectA2/ProjectA2.srcs/sources_1/imports/sources_1/imports/sources_1/new/top.sv:67]
WARNING: [VRFC 10-278] actual bit length 32 differs from formal bit length 16 for port mem_addr [E:/ProjectA2/ProjectA2.srcs/sources_1/imports/sources_1/new/memIO.sv:37]
WARNING: [VRFC 10-278] actual bit length 32 differs from formal bit length 4 for port wd [E:/ProjectA2/ProjectA2.srcs/sources_1/imports/sources_1/new/memIO.sv:43]
WARNING: [VRFC 10-278] actual bit length 32 differs from formal bit length 16 for port lights_val [E:/ProjectA2/ProjectA2.srcs/sources_1/imports/sources_1/new/memIO.sv:49]
Completed static elaboration
Starting simulation data flow analysis
Completed simulation data flow analysis
Time Resolution for simulation is 1ps
Compiling package std.standard
Compiling package std.textio
Compiling package ieee.std_logic_1164
Compiling package ieee.numeric_std
Compiling package ieee.std_logic_arith
Compiling package ieee.std_logic_signed
Compiling package ieee.math_real
Compiling module xil_defaultlib.controller
Compiling module xil_defaultlib.programcounter
Compiling module xil_defaultlib.register_file(Nloc=32)
Compiling module xil_defaultlib.fulladder
Compiling module xil_defaultlib.adder_default
Compiling module xil_defaultlib.addsub
Compiling module xil_defaultlib.comparator
Compiling module xil_defaultlib.shifter
Compiling module xil_defaultlib.logical
Compiling module xil_defaultlib.ALU
Compiling module xil_defaultlib.datapath(Nloc=256)
Compiling module xil_defaultlib.mips
Compiling module xil_defaultlib.imem(Nloc=256,Dbits=32,initfile=...
Compiling module xil_defaultlib.dmem(Nloc=16,Dbits=32,initfile="...
Compiling module xil_defaultlib.screenmem(Nloc=1200,Dbits=4,init...
Compiling module xil_defaultlib.LED_reg
Compiling module xil_defaultlib.sound_reg
Compiling module xil_defaultlib.memIO(dmem_init="E:/ProjectA2/Pr...
Compiling module xil_defaultlib.xycounter(width=800,height=525)
Compiling module xil_defaultlib.vgatimer
Compiling module xil_defaultlib.bitmapmem(Nloc=1024,Dbits=12,ini...
Compiling module xil_defaultlib.vgadisplaydriver(bmem_init="E:/P...
Compiling architecture behavioral of entity xil_defaultlib.SPI_If [spi_if_default]
Compiling architecture behavioral of entity xil_defaultlib.ADXL362Ctrl [\ADXL362Ctrl(update_frequency_hz...]
Compiling architecture behavioral of entity xil_defaultlib.AccelArithmetics [\AccelArithmetics(acc_x_y_max="0...]
Compiling architecture behavioral of entity xil_defaultlib.AccelerometerCtl [accelerometerctl_default]
Compiling module xil_defaultlib.accelerometer
Compiling module xil_defaultlib.hexto7seg
Compiling module xil_defaultlib.display8digit
Compiling module xil_defaultlib.montek_sound_Nexys4
Compiling module xil_defaultlib.keyboard
Compiling module xil_defaultlib.top
Compiling module xil_defaultlib.selfcheck_nopause
Compiling module xil_defaultlib.project_screentest
Compiling module xil_defaultlib.glbl
Built simulation snapshot project_screentest_behav
